<?xml version="1.0" encoding="UTF-8"?>
<testng-results skipped="0" failed="0" ignored="0" total="1" passed="1">
  <reporter-output>
  </reporter-output>
  <suite name="Suite" duration-ms="21942" started-at="2020-01-28T12:20:08Z" finished-at="2020-01-28T12:20:30Z">
    <groups>
    </groups>
    <test name="Test" duration-ms="21942" started-at="2020-01-28T12:20:08Z" finished-at="2020-01-28T12:20:30Z">
      <class name="com.computech.testcases.OrangHRMTest2">
        <test-method status="PASS" signature="setupTestSuite()[pri:0, instance:com.computech.testcases.OrangHRMTest2@531be3c5]" name="setupTestSuite" is-config="true" duration-ms="178" started-at="2020-01-28T12:20:08Z" finished-at="2020-01-28T12:20:08Z">
          <reporter-output>
          </reporter-output>
        </test-method> <!-- setupTestSuite -->
        <test-method status="PASS" signature="setUp()[pri:0, instance:com.computech.testcases.OrangHRMTest2@531be3c5]" name="setUp" is-config="true" duration-ms="7357" started-at="2020-01-28T12:20:08Z" finished-at="2020-01-28T12:20:15Z">
          <reporter-output>
          </reporter-output>
        </test-method> <!-- setUp -->
        <test-method status="PASS" signature="logout()[pri:0, instance:com.computech.testcases.OrangHRMTest2@531be3c5]" name="logout" duration-ms="10820" started-at="2020-01-28T12:20:15Z" finished-at="2020-01-28T12:20:26Z">
          <reporter-output>
          </reporter-output>
        </test-method> <!-- logout -->
        <test-method status="PASS" signature="tearDownTest(org.testng.ITestResult)[pri:0, instance:com.computech.testcases.OrangHRMTest2@531be3c5]" name="tearDownTest" is-config="true" duration-ms="607" started-at="2020-01-28T12:20:26Z" finished-at="2020-01-28T12:20:27Z">
          <params>
            <param index="0">
              <value>
                <![CDATA[[TestResult name=logout status=SUCCESS method=OrangHRMTest2.logout()[pri:0, instance:com.computech.testcases.OrangHRMTest2@531be3c5] output={null}]]]>
              </value>
            </param>
          </params>
          <reporter-output>
          </reporter-output>
        </test-method> <!-- tearDownTest -->
        <test-method status="PASS" signature="tearDown()[pri:0, instance:com.computech.testcases.OrangHRMTest2@531be3c5]" name="tearDown" is-config="true" duration-ms="3125" started-at="2020-01-28T12:20:27Z" finished-at="2020-01-28T12:20:30Z">
          <reporter-output>
          </reporter-output>
        </test-method> <!-- tearDown -->
      </class> <!-- com.computech.testcases.OrangHRMTest2 -->
    </test> <!-- Test -->
  </suite> <!-- Suite -->
</testng-results>
