<?xml version="1.0" encoding="UTF-8"?>
<testng-results skipped="0" failed="0" ignored="0" total="1" passed="1">
  <reporter-output>
  </reporter-output>
  <suite name="Suite" duration-ms="22200" started-at="2020-01-27T12:39:21Z" finished-at="2020-01-27T12:39:43Z">
    <groups>
    </groups>
    <test name="Test" duration-ms="22200" started-at="2020-01-27T12:39:21Z" finished-at="2020-01-27T12:39:43Z">
      <class name="com.computech.testcases.OrangHRMTest2">
        <test-method status="PASS" signature="setupTestSuite()[pri:0, instance:com.computech.testcases.OrangHRMTest2@1e88b3c]" name="setupTestSuite" is-config="true" duration-ms="187" started-at="2020-01-27T12:39:21Z" finished-at="2020-01-27T12:39:21Z">
          <reporter-output>
          </reporter-output>
        </test-method> <!-- setupTestSuite -->
        <test-method status="PASS" signature="setUp()[pri:0, instance:com.computech.testcases.OrangHRMTest2@1e88b3c]" name="setUp" is-config="true" duration-ms="7101" started-at="2020-01-27T12:39:21Z" finished-at="2020-01-27T12:39:28Z">
          <reporter-output>
          </reporter-output>
        </test-method> <!-- setUp -->
        <test-method status="PASS" signature="logout()[pri:0, instance:com.computech.testcases.OrangHRMTest2@1e88b3c]" name="logout" duration-ms="10418" started-at="2020-01-27T12:39:28Z" finished-at="2020-01-27T12:39:38Z">
          <reporter-output>
          </reporter-output>
        </test-method> <!-- logout -->
        <test-method status="PASS" signature="tearDownTest(org.testng.ITestResult)[pri:0, instance:com.computech.testcases.OrangHRMTest2@1e88b3c]" name="tearDownTest" is-config="true" duration-ms="406" started-at="2020-01-27T12:39:38Z" finished-at="2020-01-27T12:39:39Z">
          <params>
            <param index="0">
              <value>
                <![CDATA[[TestResult name=logout status=SUCCESS method=OrangHRMTest2.logout()[pri:0, instance:com.computech.testcases.OrangHRMTest2@1e88b3c] output={null}]]]>
              </value>
            </param>
          </params>
          <reporter-output>
          </reporter-output>
        </test-method> <!-- tearDownTest -->
        <test-method status="PASS" signature="tearDown()[pri:0, instance:com.computech.testcases.OrangHRMTest2@1e88b3c]" name="tearDown" is-config="true" duration-ms="4272" started-at="2020-01-27T12:39:39Z" finished-at="2020-01-27T12:39:43Z">
          <reporter-output>
          </reporter-output>
        </test-method> <!-- tearDown -->
      </class> <!-- com.computech.testcases.OrangHRMTest2 -->
    </test> <!-- Test -->
  </suite> <!-- Suite -->
</testng-results>
